<?xml version="1.0" encoding="UTF-8"?>
<testng-results skipped="0" failed="0" ignored="0" total="1" passed="1">
  <reporter-output>
  </reporter-output>
  <suite name="Default suite" duration-ms="32157" started-at="2019-02-23T09:13:21Z" finished-at="2019-02-23T09:13:53Z">
    <groups>
    </groups>
    <test name="Default test" duration-ms="32157" started-at="2019-02-23T09:13:21Z" finished-at="2019-02-23T09:13:53Z">
      <class name="org.billpreview.auto.EligibilityAPI">
        <test-method status="PASS" signature="eligibility_API()[pri:0, instance:org.billpreview.auto.EligibilityAPI@7cd62f43]" name="eligibility_API" duration-ms="32095" started-at="2019-02-23T14:43:21Z" finished-at="2019-02-23T14:43:53Z">
          <reporter-output>
          </reporter-output>
        </test-method> <!-- eligibility_API -->
      </class> <!-- org.billpreview.auto.EligibilityAPI -->
    </test> <!-- Default test -->
  </suite> <!-- Default suite -->
</testng-results>
